<?xml version="1.0" encoding="UTF-8"?>
<testsuite xmlns:xsi="http://www.w3.org/2001/XMLSchema-instance" xsi:noNamespaceSchemaLocation="https://maven.apache.org/surefire/maven-surefire-plugin/xsd/surefire-test-report.xsd" name="com.epam.rd.autotasks.godutch.GoDutchTest" time="0.037" tests="11" errors="0" skipped="0" failures="0">
  <properties>
[...]
</properties>
  <testcase name="correctInputTest{String, String, String}[1]" classname="com.epam.rd.autotasks.godutch.GoDutchTest" time="0.015"/>
  <testcase name="correctInputTest{String, String, String}[2]" classname="com.epam.rd.autotasks.godutch.GoDutchTest" time="0.001"/>
  <testcase name="correctInputTest{String, String, String}[3]" classname="com.epam.rd.autotasks.godutch.GoDutchTest" time="0.001"/>
  <testcase name="correctInputTest{String, String, String}[4]" classname="com.epam.rd.autotasks.godutch.GoDutchTest" time="0.001"/>
  <testcase name="correctInputTest{String, String, String}[5]" classname="com.epam.rd.autotasks.godutch.GoDutchTest" time="0.001"/>
  <testcase name="incorrectNumberOfFriendsTest{String, String}[1]" classname="com.epam.rd.autotasks.godutch.GoDutchTest" time="0.001"/>
  <testcase name="incorrectNumberOfFriendsTest{String, String}[2]" classname="com.epam.rd.autotasks.godutch.GoDutchTest" time="0.001"/>
  <testcase name="incorrectNumberOfFriendsTest{String, String}[3]" classname="com.epam.rd.autotasks.godutch.GoDutchTest" time="0"/>
  <testcase name="incorrectTotalBillTest{String, String}[1]" classname="com.epam.rd.autotasks.godutch.GoDutchTest" time="0.001"/>
  <testcase name="incorrectTotalBillTest{String, String}[2]" classname="com.epam.rd.autotasks.godutch.GoDutchTest" time="0"/>
  <testcase name="incorrectTotalBillTest{String, String}[3]" classname="com.epam.rd.autotasks.godutch.GoDutchTest" time="0"/>
</testsuite>