<?xml version="1.0" encoding="UTF-8"?>
<testsuite xmlns:xsi="http://www.w3.org/2001/XMLSchema-instance" xsi:noNamespaceSchemaLocation="https://maven.apache.org/surefire/maven-surefire-plugin/xsd/surefire-test-report.xsd" name="com.epam.rd.autotasks.meetstrangers.HelloStrangersTest" time="0.035" tests="10" errors="0" skipped="0" failures="0">
  <properties>
[...]
</properties>
  <testcase name="zeroInputTest" classname="com.epam.rd.autotasks.meetstrangers.HelloStrangersTest" time="0.009"/>
  <testcase name="anyNamesTest{List}[1]" classname="com.epam.rd.autotasks.meetstrangers.HelloStrangersTest" time="0.008"/>
  <testcase name="anyNamesTest{List}[2]" classname="com.epam.rd.autotasks.meetstrangers.HelloStrangersTest" time="0.001"/>
  <testcase name="anyNamesTest{List}[3]" classname="com.epam.rd.autotasks.meetstrangers.HelloStrangersTest" time="0.001"/>
  <testcase name="anyNamesTest{List}[4]" classname="com.epam.rd.autotasks.meetstrangers.HelloStrangersTest" time="0.001"/>
  <testcase name="anyNamesTest{List}[5]" classname="com.epam.rd.autotasks.meetstrangers.HelloStrangersTest" time="0.001"/>
  <testcase name="anyNamesTest{List}[6]" classname="com.epam.rd.autotasks.meetstrangers.HelloStrangersTest" time="0"/>
  <testcase name="anyNamesTest{List}[7]" classname="com.epam.rd.autotasks.meetstrangers.HelloStrangersTest" time="0"/>
  <testcase name="anyNamesTest{List}[8]" classname="com.epam.rd.autotasks.meetstrangers.HelloStrangersTest" time="0"/>
  <testcase name="negInputTest" classname="com.epam.rd.autotasks.meetstrangers.HelloStrangersTest" time="0"/>
</testsuite>